2025-09-25 18:25:52.085 - DBeaver 25.2.1.202509211659 is starting
2025-09-25 18:25:52.087 - OS: Windows 11 10.0 (amd64)
2025-09-25 18:25:52.088 - Java version: 21.0.8 by Eclipse Adoptium (64bit)
2025-09-25 18:25:52.088 - Install path: 'C:\Users\xwlgo\AppData\Local\DBeaver'
2025-09-25 18:25:52.088 - Instance path: 'file:/C:/dev/01_database/01_database/18__LEEJIHEANG/'
2025-09-25 18:25:52.091 - Memory available 64Mb/1024Mb
2025-09-25 18:25:52.105 - Create display
> Start Eclipse IDE UI [org.eclipse.ui.ide 3.22.600.v20250523-1502]
2025-09-25 18:25:52.373 - Initialize desktop platform...
2025-09-25 18:25:52.547 - BounceCastle bundle found. Use JCE provider BC
> Start Core File Systems [org.eclipse.core.filesystem 1.11.200.v20250513-1234]
> Start Core Resource Management [org.eclipse.core.resources 3.22.200.v20250513-1234]
> Start 팀 지원 핵심 [org.eclipse.team.core 3.10.700.v20250313-0656]
> Start DBeaver UI Navigator [org.jkiss.dbeaver.ui.navigator 1.0.163.202509211659]
Warning: NLS unused message: WorkbenchPreference_reuseEditorsThreshold in: org.eclipse.ui.internal.messages
Warning: NLS unused message: 이유 in: org.eclipse.ui.internal.messages
2025-09-25 18:25:52.898 - Initialize base platform...
2025-09-25 18:25:52.936 - Platform initialized (563ms)
2025-09-25 18:25:52.985 - Starting instance server at http://localhost:60099
2025-09-25 18:25:52.991 - Run workbench
> Start Eclipse e4 작업영역 SWT [org.eclipse.e4.ui.workbench.swt 0.17.800.v20250422-1254]
> Start Eclipse Application Services [org.eclipse.e4.core.services 2.5.200.v20250326-1945]
> Start Eclipse UI Application Services [org.eclipse.e4.ui.services 1.6.500.v20250123-0754]
> Start Eclipse e4 Progress View [org.eclipse.e4.ui.progress 0.4.800.v20250422-1254]
> Start Eclipse Bindings Support [org.eclipse.e4.ui.bindings 0.14.600.v20250331-1050]
> Start Eclipse e4 core commands [org.eclipse.e4.core.commands 1.1.600.v20250307-1331]
> Start EMF XML/XMI Persistence [org.eclipse.emf.ecore.xmi 2.39.0.v20250414-1351]
> Start Eclipse CSS SWT Theme Support [org.eclipse.e4.ui.css.swt.theme 0.14.500.v20250213-1508]
> Start Eclipse e4 작업영역 기능 추가 [org.eclipse.e4.ui.workbench.addons.swt 1.5.700.v20250422-1254]
> Start Eclipse e4 작업영역 SWT 렌더러 [org.eclipse.e4.ui.workbench.renderers.swt 0.16.800.v20250519-1609]
> Start Eclipse Dependency Injection Extensions [org.eclipse.e4.core.di.extensions 0.18.300.v20240413-1529]
> Start DBeaver AI Model [org.jkiss.dbeaver.model.ai 2.0.6.202509211659]
> Start DBeaver AI UI [org.jkiss.dbeaver.ui.ai 1.0.65.202509211659]
> Start Eclipse CSS SWT Support [org.eclipse.e4.ui.css.swt 0.15.600.v20250409-1135]
2025-09-25 18:25:54.628 - Configure workbench window
> Start DBeaver SQL Model [org.jkiss.dbeaver.model.sql 1.0.153.202509211659]
2025-09-25 18:25:54.900 - Total database drivers: 128 (128)
> Start 도움말 시스템 코어 [org.eclipse.help 3.10.500.v20250423-1201]
2025-09-25 18:25:55.023 - Create actions
2025-09-25 18:25:55.043 - Disable Eclipse action set 'org.eclipse.ui.edit.text.actionSet.annotationNavigation'
2025-09-25 18:25:55.044 - Disable Eclipse action set 'org.eclipse.ui.WorkingSetActionSet'
2025-09-25 18:25:55.044 - Disable Eclipse action set 'org.eclipse.ui.actionSet.openFiles'
2025-09-25 18:25:55.044 - Create workbench actions
> Start 기본 문서 편집기 [org.eclipse.ui.editors 3.20.0.v20250514-1719]
> Start 텍스트 편집기 프레임워크 [org.eclipse.ui.workbench.texteditor 3.19.200.v20250514-1719]
2025-09-25 18:25:56.735 - Initialize workbench window
2025-09-25 18:25:56.741 - Finish initialization
> Start DBeaver UI Editors - Data [org.jkiss.dbeaver.ui.editors.data 1.0.163.202509211659]
> Start Equinox Java Authentication and Authorization Service (JAAS) [org.eclipse.equinox.security 1.4.600.v20250521-0413]
> Start 인터넷 연결 관리 사용자 인터페이스 [org.eclipse.ui.net 1.5.400.v20240413-1529]
> Start Internet Connection Management [org.eclipse.core.net 1.5.700.v20250313-0656]
> Start DBeaver UI Editors - SQL [org.jkiss.dbeaver.ui.editors.sql 1.0.163.202509211659]
> Start DBeaver Dashboard UI [org.jkiss.dbeaver.ui.dashboard 1.0.160.202509211659]
> Start GEF Classic Draw2d [org.eclipse.draw2d 3.20.0.202505280821]
> Start GEF Classic GEF (MVC) [org.eclipse.gef 3.22.0.202505280821]
> Start DBeaver ERD UI [org.jkiss.dbeaver.ui.editors.erd 3.1.4.202509211659]
> Start DBeaver ERD Model [org.jkiss.dbeaver.model.erd 1.1.4.202509211659]
> Start DBeaver Sample Database [org.jkiss.dbeaver.ui.config.sample 1.0.200.202509211659]
2025-09-25 18:26:04.020 - Open [https://dbeaver.io/product/version.xml]
2025-09-25 18:26:26.142 - Dispose navigator model
2025-09-25 18:26:26.242 - DBeaver is stopping
2025-09-25 18:26:26.247 - Stop instance server
2025-09-25 18:26:27.252 - Instance server has been stopped
2025-09-25 18:26:27.253 - DBeaver shutdown completed
