1546:APP_OPEN:startTime=1758843643983
3759:GENERAL_SHOW_PERSPECTIVE:perspective=org.jkiss.dbeaver.core.perspective
4085:SQL_EDITOR_OPEN:driver=mysql:mariaDB
4383:CONNECTION_OPEN:driver=mysql:mariaDB&origin=local
1949546:SQL_EDITOR_OPEN:driver=
2576306:CONNECTION_OPEN:driver=mysql:mariaDB&origin=local
2620406:GENERAL_VIEW_OPEN:view=org.jkiss.dbeaver.core.databaseNavigator
2629300:ENTITY_EDITOR_OPEN:driver=mysql:mariaDB&className=MySQLTable
2629363:DATA_EDIT_OPEN:objectType=MySQLTable
2815554:SQL_EDITOR_EXECUTE_QUERY
2930429:SQL_EDITOR_EXECUTE_QUERY
3006906:SQL_EDITOR_EXECUTE_QUERY
3473592:SQL_EDITOR_EXECUTE_QUERY
3517946:SQL_EDITOR_EXECUTE_QUERY
3703919:SQL_EDITOR_EXECUTE_QUERY
3851492:SQL_EDITOR_EXECUTE_QUERY
3945825:SQL_EDITOR_EXECUTE_QUERY
3959387:SQL_EDITOR_EXPLAIN_PLAN
4058374:SQL_EDITOR_EXECUTE_QUERY
5046884:SQL_EDITOR_EXECUTE_QUERY
5074942:SQL_EDITOR_EXECUTE_QUERY
5155863:SQL_EDITOR_EXECUTE_QUERY
5172268:SQL_EDITOR_EXECUTE_QUERY
5175639:SQL_EDITOR_EXECUTE_QUERY
5219906:ENTITY_EDITOR_OPEN:driver=mysql:mariaDB&className=MySQLTable
5219965:DATA_EDIT_OPEN:objectType=MySQLTable
5330687:SQL_EDITOR_EXECUTE_QUERY
5451792:SQL_EDITOR_EXECUTE_QUERY
5468800:SQL_EDITOR_EXECUTE_QUERY
5794288:SQL_EDITOR_EXECUTE_QUERY
5837547:SQL_EDITOR_EXECUTE_QUERY
5868760:SQL_EDITOR_EXECUTE_QUERY
5889446:ENTITY_EDITOR_OPEN:driver=mysql:mariaDB&className=MySQLTable
5889501:DATA_EDIT_OPEN:objectType=MySQLTable
5922349:SQL_EDITOR_EXECUTE_QUERY
5943141:SQL_EDITOR_EXECUTE_QUERY
5951322:SQL_EDITOR_EXECUTE_QUERY
6007592:SQL_EDITOR_EXECUTE_QUERY
6008832:SQL_EDITOR_EXECUTE_QUERY
6287661:SQL_EDITOR_EXECUTE_QUERY
6482524:SQL_EDITOR_EXECUTE_QUERY
6511069:SQL_EDITOR_EXECUTE_QUERY
6516442:SQL_EDITOR_EXECUTE_QUERY
6738294:SQL_EDITOR_EXECUTE_QUERY
6800594:SQL_EDITOR_EXECUTE_QUERY
6804593:SQL_EDITOR_EXECUTE_QUERY
6814618:SQL_EDITOR_EXECUTE_QUERY
7010959:SQL_EDITOR_EXECUTE_QUERY
7174808:ENTITY_EDITOR_OPEN:driver=mysql:mariaDB&className=MySQLTable
7174860:DATA_EDIT_OPEN:objectType=MySQLTable
7359971:SQL_EDITOR_EXECUTE_QUERY
7375982:SQL_EDITOR_EXECUTE_QUERY
7378881:SQL_EDITOR_EXPLAIN_PLAN
7434518:SQL_EDITOR_EXECUTE_QUERY
7442329:SQL_EDITOR_EXPLAIN_PLAN
7447603:SQL_EDITOR_EXECUTE_QUERY
7449252:SQL_EDITOR_EXPLAIN_PLAN
7453246:SQL_EDITOR_EXECUTE_QUERY
7454552:SQL_EDITOR_EXPLAIN_PLAN
7482903:SQL_EDITOR_EXECUTE_QUERY
7484403:SQL_EDITOR_EXPLAIN_PLAN
7489981:SQL_EDITOR_EXECUTE_QUERY
7491988:SQL_EDITOR_EXPLAIN_PLAN
8809175:SQL_EDITOR_EXECUTE_QUERY
9247565:SQL_EDITOR_EXECUTE_QUERY
9306747:SQL_EDITOR_EXECUTE_QUERY
9593274:SQL_EDITOR_EXECUTE_QUERY
9842732:SQL_EDITOR_OPEN:driver=
10056707:SQL_EDITOR_EXECUTE_QUERY
10059491:SQL_EDITOR_EXECUTE_QUERY
10067000:SQL_EDITOR_EXECUTE_QUERY
10110747:SQL_EDITOR_EXECUTE_QUERY
10300906:SQL_EDITOR_EXECUTE_QUERY
10436231:SQL_EDITOR_EXECUTE_QUERY
10466454:SQL_EDITOR_EXECUTE_QUERY
10476203:SQL_EDITOR_EXECUTE_QUERY
10477974:SQL_EDITOR_EXECUTE_QUERY
10482955:SQL_EDITOR_EXECUTE_QUERY
10559321:SQL_EDITOR_EXECUTE_QUERY
10963049:SQL_EDITOR_EXECUTE_QUERY
11013266:SQL_EDITOR_EXECUTE_QUERY
11028894:SQL_EDITOR_EXECUTE_QUERY
11084420:SQL_EDITOR_EXECUTE_QUERY
11250974:SQL_EDITOR_EXECUTE_QUERY
11607736:SQL_EDITOR_OPEN:driver=mysql:mariaDB
11753347:SQL_EDITOR_EXECUTE_QUERY
11757131:SQL_EDITOR_EXECUTE_QUERY
11779724:SQL_EDITOR_EXPLAIN_PLAN
12329203:SQL_EDITOR_EXECUTE_QUERY
12642689:SQL_EDITOR_EXECUTE_QUERY
12670520:SQL_EDITOR_EXECUTE_QUERY
12701949:SQL_EDITOR_EXECUTE_QUERY
12741210:SQL_EDITOR_EXECUTE_QUERY
12797134:SQL_EDITOR_EXECUTE_QUERY
13017441:SQL_EDITOR_EXECUTE_QUERY
13138176:SQL_EDITOR_EXECUTE_QUERY
13162031:SQL_EDITOR_EXECUTE_QUERY
13164406:SQL_EDITOR_EXECUTE_QUERY
13208276:SQL_EDITOR_EXECUTE_QUERY
20133079:SQL_SCRIPT_NEW
20133321:SQL_EDITOR_OPEN:driver=mysql:mariaDB
21021737:SQL_EDITOR_EXECUTE_QUERY
21088560:SQL_EDITOR_EXECUTE_QUERY
21359511:SQL_EDITOR_EXECUTE_QUERY
21371471:SQL_EDITOR_EXECUTE_QUERY
21541890:SQL_EDITOR_EXECUTE_QUERY
21716392:SQL_EDITOR_EXECUTE_QUERY
21721935:SQL_EDITOR_EXECUTE_QUERY
21741395:SQL_EDITOR_EXECUTE_QUERY
21749485:SQL_EDITOR_EXECUTE_QUERY
21776135:SQL_EDITOR_EXECUTE_QUERY
21815999:SQL_EDITOR_EXECUTE_QUERY
21827103:SQL_EDITOR_EXECUTE_QUERY
21903042:SQL_EDITOR_EXECUTE_QUERY
21905027:SQL_EDITOR_EXECUTE_QUERY
21948646:SQL_EDITOR_EXECUTE_QUERY
21955249:SQL_EDITOR_EXECUTE_QUERY
21983735:SQL_EDITOR_EXECUTE_QUERY
22057980:SQL_EDITOR_EXECUTE_QUERY
22134488:SQL_EDITOR_EXECUTE_QUERY
22145310:SQL_EDITOR_EXECUTE_QUERY
22167545:SQL_EDITOR_EXECUTE_QUERY
23059848:SQL_EDITOR_EXECUTE_QUERY
23133230:SQL_EDITOR_EXECUTE_QUERY
23157343:SQL_EDITOR_EXECUTE_QUERY
23348453:SQL_EDITOR_EXECUTE_QUERY
23552799:SQL_EDITOR_EXECUTE_QUERY
24248453:SQL_EDITOR_OPEN:driver=
24526139:ENTITY_EDITOR_OPEN:driver=mysql:mariaDB&className=MySQLTable
24526201:DATA_EDIT_OPEN:objectType=MySQLTable
24692419:SQL_EDITOR_EXECUTE_QUERY
24701913:SQL_EDITOR_EXECUTE_QUERY
24898801:ENTITY_EDITOR_OPEN:driver=mysql:mariaDB&className=MySQLTable
25061862:SQL_EDITOR_EXECUTE_QUERY
25066704:SQL_EDITOR_EXECUTE_QUERY
25213851:SQL_EDITOR_EXECUTE_QUERY
25399594:SQL_EDITOR_EXECUTE_QUERY
25406601:SQL_EDITOR_EXECUTE_QUERY
25728751:RESULT_SET_REFRESH
25730155:RESULT_SET_REFRESH
25730957:RESULT_SET_REFRESH
25741901:ENTITY_EDITOR_OPEN:driver=mysql:mariaDB&className=MySQLTable
25741971:DATA_EDIT_OPEN:objectType=MySQLTable
25751122:SQL_EDITOR_EXECUTE_QUERY
26456573:RESULT_SET_REFRESH
26457118:RESULT_SET_REFRESH
26457316:RESULT_SET_REFRESH
26457568:RESULT_SET_REFRESH
26489276:SQL_EDITOR_EXECUTE_QUERY
26517892:SQL_EDITOR_EXECUTE_QUERY
26520271:SQL_EDITOR_EXECUTE_QUERY
26607850:SQL_EDITOR_EXECUTE_QUERY
26652528:SQL_EDITOR_EXECUTE_QUERY
26656971:SQL_EDITOR_EXECUTE_QUERY
26672590:SQL_EDITOR_EXECUTE_QUERY
26674698:SQL_EDITOR_EXECUTE_QUERY
26809631:SQL_EDITOR_EXECUTE_QUERY
26811811:SQL_EDITOR_EXECUTE_QUERY
26915756:SQL_EDITOR_EXECUTE_QUERY
26919521:SQL_EDITOR_EXECUTE_QUERY
26929215:SQL_EDITOR_EXECUTE_QUERY
26950701:ENTITY_EDITOR_OPEN:driver=mysql:mariaDB&className=MySQLTable
26950761:DATA_EDIT_OPEN:objectType=MySQLTable
26975999:SQL_EDITOR_EXECUTE_QUERY
26990413:SQL_EDITOR_EXECUTE_QUERY
27008756:SQL_EDITOR_EXECUTE_QUERY
27013981:SQL_EDITOR_EXECUTE_QUERY
27032784:SQL_EDITOR_EXECUTE_QUERY
27035891:SQL_EDITOR_EXECUTE_QUERY
27105656:SQL_EDITOR_EXECUTE_QUERY
27110503:SQL_EDITOR_EXECUTE_QUERY
27156843:SQL_EDITOR_EXECUTE_QUERY
27159867:SQL_EDITOR_EXECUTE_QUERY
27476115:SQL_EDITOR_EXECUTE_QUERY
27485634:SQL_EDITOR_EXECUTE_QUERY
27588299:SQL_EDITOR_EXECUTE_QUERY
27598428:SQL_EDITOR_EXECUTE_QUERY
27633458:SQL_EDITOR_EXECUTE_QUERY
28818338:SQL_SCRIPT_NEW
28818584:SQL_EDITOR_OPEN:driver=mysql:mariaDB
28827277:SQL_EDITOR_EXECUTE_QUERY
30151055:SQL_SCRIPT_NEW
30151360:SQL_EDITOR_OPEN:driver=mysql:mariaDB
30202963:ENTITY_EDITOR_OPEN:driver=mysql:mariaDB&className=MySQLTable
30203017:DATA_EDIT_OPEN:objectType=MySQLTable
