2025-09-29 10:31:23.681 - DBeaver 25.2.1.202509211659 is starting
2025-09-29 10:31:23.681 - OS: Windows 11 10.0 (amd64)
2025-09-29 10:31:23.681 - Java version: 21.0.8 by Eclipse Adoptium (64bit)
2025-09-29 10:31:23.682 - Install path: 'C:\Program Files\DBeaver'
2025-09-29 10:31:23.682 - Instance path: 'file:/C:/dev/01_database/00_YUSEUNGJE/'
2025-09-29 10:31:23.683 - Memory available 64Mb/1024Mb
2025-09-29 10:31:23.689 - Create display
2025-09-29 10:31:23.766 - Initialize desktop platform...
2025-09-29 10:31:23.857 - BounceCastle bundle found. Use JCE provider BC
> Start Core File Systems [org.eclipse.core.filesystem 1.11.200.v20250513-1234]
> Start Core Resource Management [org.eclipse.core.resources 3.22.200.v20250513-1234]
> Start 팀 지원 핵심 [org.eclipse.team.core 3.10.700.v20250313-0656]
> Start DBeaver UI Navigator [org.jkiss.dbeaver.ui.navigator 1.0.163.202509211659]
2025-09-29 10:31:23.959 - Initialize base platform...
2025-09-29 10:31:23.977 - send collected statistics
2025-09-29 10:31:23.984 - Platform initialized (217ms)
2025-09-29 10:31:24.064 - Starting instance server at http://localhost:62573
2025-09-29 10:31:24.068 - Run workbench
> Start Eclipse e4 작업영역 SWT [org.eclipse.e4.ui.workbench.swt 0.17.800.v20250422-1254]
> Start Eclipse Application Services [org.eclipse.e4.core.services 2.5.200.v20250326-1945]
> Start Eclipse UI Application Services [org.eclipse.e4.ui.services 1.6.500.v20250123-0754]
> Start Eclipse e4 Progress View [org.eclipse.e4.ui.progress 0.4.800.v20250422-1254]
> Start Eclipse Bindings Support [org.eclipse.e4.ui.bindings 0.14.600.v20250331-1050]
> Start Eclipse e4 core commands [org.eclipse.e4.core.commands 1.1.600.v20250307-1331]
> Start EMF XML/XMI Persistence [org.eclipse.emf.ecore.xmi 2.39.0.v20250414-1351]
> Start Eclipse CSS SWT Theme Support [org.eclipse.e4.ui.css.swt.theme 0.14.500.v20250213-1508]
> Start Eclipse e4 작업영역 기능 추가 [org.eclipse.e4.ui.workbench.addons.swt 1.5.700.v20250422-1254]
Warning: NLS unused message: WorkbenchPreference_reuseEditorsThreshold in: org.eclipse.ui.internal.messages
Warning: NLS unused message: 이유 in: org.eclipse.ui.internal.messages
> Start Eclipse e4 작업영역 SWT 렌더러 [org.eclipse.e4.ui.workbench.renderers.swt 0.16.800.v20250519-1609]
> Start Eclipse Dependency Injection Extensions [org.eclipse.e4.core.di.extensions 0.18.300.v20240413-1529]
> Start DBeaver AI Model [org.jkiss.dbeaver.model.ai 2.0.6.202509211659]
> Start DBeaver AI UI [org.jkiss.dbeaver.ui.ai 1.0.65.202509211659]
> Start Eclipse CSS SWT Support [org.eclipse.e4.ui.css.swt 0.15.600.v20250409-1135]
2025-09-29 10:31:25.062 - Configure workbench window
> Start DBeaver SQL Model [org.jkiss.dbeaver.model.sql 1.0.153.202509211659]
2025-09-29 10:31:25.239 - Total database drivers: 128 (128)
> Start 도움말 시스템 코어 [org.eclipse.help 3.10.500.v20250423-1201]
2025-09-29 10:31:25.288 - Create actions
2025-09-29 10:31:25.295 - Disable Eclipse action set 'org.eclipse.ui.edit.text.actionSet.annotationNavigation'
2025-09-29 10:31:25.295 - Disable Eclipse action set 'org.eclipse.ui.WorkingSetActionSet'
2025-09-29 10:31:25.295 - Disable Eclipse action set 'org.eclipse.ui.actionSet.openFiles'
2025-09-29 10:31:25.296 - Create workbench actions
2025-09-29 10:31:25.639 - Initialize workbench window
2025-09-29 10:31:25.643 - Finish initialization
> Start 기본 문서 편집기 [org.eclipse.ui.editors 3.20.0.v20250514-1719]
> Start 텍스트 편집기 프레임워크 [org.eclipse.ui.workbench.texteditor 3.19.200.v20250514-1719]
> Start DBeaver UI Editors - Data [org.jkiss.dbeaver.ui.editors.data 1.0.163.202509211659]
> Start DBeaver UI Editors - SQL [org.jkiss.dbeaver.ui.editors.sql 1.0.163.202509211659]
Warning: NLS unused message: FindReplace_RegExCheckbox_label in: org.eclipse.ui.texteditor.EditorMessages
Warning: NLS unused message: FindReplace_WrapCheckBox_label in: org.eclipse.ui.texteditor.EditorMessages
Warning: NLS unused message: FindReplace_IncrementalCheckBox_label in: org.eclipse.ui.texteditor.EditorMessages
Warning: NLS unused message: FindReplace_Options in: org.eclipse.ui.texteditor.EditorMessages
Warning: NLS unused message: FindReplace_ReplaceSelectionButton_label in: org.eclipse.ui.texteditor.EditorMessages
Warning: NLS unused message: FindReplace_SelectedRangeRadioButton_label in: org.eclipse.ui.texteditor.EditorMessages
Warning: NLS unused message: FindReplace_SelectAllButton_label in: org.eclipse.ui.texteditor.EditorMessages
Warning: NLS unused message: FindReplace_GlobalRadioButton_label in: org.eclipse.ui.texteditor.EditorMessages
Warning: NLS unused message: FindReplace_WholeWordCheckBox_label in: org.eclipse.ui.texteditor.EditorMessages
Warning: NLS unused message: FindReplace_ReplaceFindButton_label in: org.eclipse.ui.texteditor.EditorMessages
Warning: NLS unused message: FindReplace_BackwardRadioButton_label in: org.eclipse.ui.texteditor.EditorMessages
Warning: NLS unused message: FindReplace_CloseButton_label in: org.eclipse.ui.texteditor.EditorMessages
Warning: NLS unused message: FindReplace_Replace_label in: org.eclipse.ui.texteditor.EditorMessages
Warning: NLS unused message: FindReplace_CaseCheckBox_label in: org.eclipse.ui.texteditor.EditorMessages
Warning: NLS unused message: FindReplace_Status_replacements_label in: org.eclipse.ui.texteditor.EditorMessages
Warning: NLS unused message: FindReplace_title in: org.eclipse.ui.texteditor.EditorMessages
Warning: NLS unused message: FindReplace_Direction in: org.eclipse.ui.texteditor.EditorMessages
Warning: NLS unused message: FindReplace_ReplaceAllButton_label in: org.eclipse.ui.texteditor.EditorMessages
Warning: NLS unused message: FindReplace_Scope in: org.eclipse.ui.texteditor.EditorMessages
Warning: NLS unused message: FindReplace_Find_label in: org.eclipse.ui.texteditor.EditorMessages
Warning: NLS unused message: FindReplace_ForwardRadioButton_label in: org.eclipse.ui.texteditor.EditorMessages
Warning: NLS unused message: FindReplace_FindNextButton_label in: org.eclipse.ui.texteditor.EditorMessages
> Start DBeaver SQL Terminal [org.jkiss.dbeaver.ui.editors.sql.terminal 1.0.139.202509211659]
> Start 핵심 비교 지원 [org.eclipse.compare.core 3.8.700.v20250120-0641]
> Start Equinox Java Authentication and Authorization Service (JAAS) [org.eclipse.equinox.security 1.4.600.v20250521-0413]
> Start 인터넷 연결 관리 사용자 인터페이스 [org.eclipse.ui.net 1.5.400.v20240413-1529]
> Start Internet Connection Management [org.eclipse.core.net 1.5.700.v20250313-0656]
> Start DBeaver Sample Database [org.jkiss.dbeaver.ui.config.sample 1.0.200.202509211659]
> Start 콘솔 [org.eclipse.ui.console 3.14.300.v20250509-1251]
> Start 디버그 핵심 [org.eclipse.debug.core 3.23.0.v20250509-1924]
> Start DBeaver JDBC Model [org.jkiss.dbeaver.model.jdbc 1.0.56.202509211659]
> Start DBeaver MySQL Support [org.jkiss.dbeaver.ext.mysql 2.1.248.202509211659]
> Start DBeaver Tasks - Native Tools UI [org.jkiss.dbeaver.tasks.native.ui 1.0.141.202509211659]
> Start DBeaver MySQL UI Support [org.jkiss.dbeaver.ext.mysql.ui 1.0.155.202509211659]
> Start DBeaver Tasks - General UI [org.jkiss.dbeaver.tasks.ui 1.0.141.202509211659]
> Start DBeaver Dashboard UI [org.jkiss.dbeaver.ui.dashboard 1.0.160.202509211659]
> Start GEF Classic Draw2d [org.eclipse.draw2d 3.20.0.202505280821]
> Start GEF Classic GEF (MVC) [org.eclipse.gef 3.22.0.202505280821]
> Start DBeaver ERD UI [org.jkiss.dbeaver.ui.editors.erd 3.1.4.202509211659]
> Start DBeaver ERD Model [org.jkiss.dbeaver.model.erd 1.1.4.202509211659]
2025-09-29 10:31:27.725 - Connect with 'swcamp' (mariaDB-1997a2c1683-2babbf3db3d1aa06)
2025-09-29 10:31:27.725 - Connect with 'ott_flatform' (mariaDB-1997a2d8a58-7b762d149e89b212)
2025-09-29 10:31:27.757 - Execution context opened (ott_flatform; Main; 0)
2025-09-29 10:31:27.757 - Execution context opened (swcamp; Main; 1)
> Start DBeaver GIS Support [org.jkiss.dbeaver.data.gis 1.0.187.202509211659]
2025-09-29 10:31:27.967 - Execution context opened (ott_flatform; Metadata; 2)
2025-09-29 10:31:27.967 - Execution context opened (swcamp; Metadata; 3)
2025-09-29 10:31:28.075 - Connected (mariaDB-1997a2c1683-2babbf3db3d1aa06, MariaDB Connector/J [3.5.2])
2025-09-29 10:31:28.075 - Connected (mariaDB-1997a2d8a58-7b762d149e89b212, MariaDB Connector/J [3.5.2])
> Start DBeaver SQL Language Semantic Model [org.jkiss.dbeaver.model.lsm 1.0.58.202509211659]
2025-09-29 10:31:28.170 - Execution context opened (swcamp; SQLEditor <12_transaction.sql>; 4)
2025-09-29 10:31:28.234 - Execution context opened (ott_flatform; SQLEditor <Script-12.sql>; 5)
2025-09-29 10:31:41.269 - Execution context closed (ott_flatform, 0)
2025-09-29 10:31:41.281 - Execution context closed (ott_flatform, 2)
2025-09-29 10:31:41.292 - Execution context closed (ott_flatform, 5)
2025-09-29 10:31:41.292 - Disconnected (mariaDB-1997a2d8a58-7b762d149e89b212)
2025-09-29 10:31:43.985 - 	Invalidate context 'Main' for mariaDB-1997a2c1683-2babbf3db3d1aa06 (BEFORE_INVALIDATE)
2025-09-29 10:31:43.999 - Execution context closed (swcamp, 1)
2025-09-29 10:31:43.999 - 	Invalidate context 'Metadata' for mariaDB-1997a2c1683-2babbf3db3d1aa06 (BEFORE_INVALIDATE)
2025-09-29 10:31:44.009 - Execution context closed (swcamp, 3)
2025-09-29 10:31:44.009 - 	Invalidate context 'SQLEditor <12_transaction.sql>' for mariaDB-1997a2c1683-2babbf3db3d1aa06 (BEFORE_INVALIDATE)
2025-09-29 10:31:44.021 - Execution context closed (swcamp, 4)
2025-09-29 10:31:44.021 - 	Invalidate context 'Main' for mariaDB-1997a2c1683-2babbf3db3d1aa06 (INVALIDATE)
2025-09-29 10:31:44.024 - 	Invalidate context 'Metadata' for mariaDB-1997a2c1683-2babbf3db3d1aa06 (INVALIDATE)
2025-09-29 10:31:44.025 - 	Invalidate context 'SQLEditor <12_transaction.sql>' for mariaDB-1997a2c1683-2babbf3db3d1aa06 (INVALIDATE)
2025-09-29 10:31:44.027 - 	Invalidate context 'Main' for mariaDB-1997a2c1683-2babbf3db3d1aa06 (AFTER_INVALIDATE)
2025-09-29 10:31:44.027 - 	Invalidate context 'Metadata' for mariaDB-1997a2c1683-2babbf3db3d1aa06 (AFTER_INVALIDATE)
2025-09-29 10:31:44.027 - 	Invalidate context 'SQLEditor <12_transaction.sql>' for mariaDB-1997a2c1683-2babbf3db3d1aa06 (AFTER_INVALIDATE)
2025-09-29 10:31:44.030 - Connections reopened: 3 (of 3)
2025-09-29 10:31:48.908 - Execution context closed (swcamp, 1)
2025-09-29 10:31:48.919 - Execution context closed (swcamp, 3)
2025-09-29 10:31:48.929 - Execution context closed (swcamp, 4)
2025-09-29 10:31:48.929 - Disconnected (mariaDB-1997a2c1683-2babbf3db3d1aa06)
2025-09-29 10:31:51.134 - Connect with 'swcamp' (mariaDB-1997a2c1683-2babbf3db3d1aa06)
2025-09-29 10:31:51.136 - Execution context opened (swcamp; Main; 6)
2025-09-29 10:31:51.140 - Execution context opened (swcamp; Metadata; 7)
2025-09-29 10:31:51.156 - Execution context opened (swcamp; SQLEditor <12_transaction.sql>; 8)
2025-09-29 10:31:51.166 - Connected (mariaDB-1997a2c1683-2babbf3db3d1aa06, MariaDB Connector/J [3.5.2])
> Start DBeaver Data Transfer [org.jkiss.dbeaver.data.transfer 2.0.147.202509211659]
[ WARN] (DBeaver: Read data [UPDATE encore_bank SET balance = balance - 100000 WHERE id = 456]) Error: 1317-70100: Query execution was interrupted
2025-09-29 10:32:49.360 - SQL Error [1317] [70100]: (conn=589) Query execution was interrupted
org.jkiss.dbeaver.model.sql.DBSQLException: SQL Error [1317] [70100]: (conn=589) Query execution was interrupted
	at org.jkiss.dbeaver.model.impl.jdbc.exec.JDBCStatementImpl.executeStatement(JDBCStatementImpl.java:134)
	at org.jkiss.dbeaver.ui.editors.sql.execute.SQLQueryJob.executeStatement(SQLQueryJob.java:675)
	at org.jkiss.dbeaver.ui.editors.sql.execute.SQLQueryJob.lambda$2(SQLQueryJob.java:568)
	at org.jkiss.dbeaver.ui.editors.sql.execute.SQLQueryJob.executeSingleElement(SQLQueryJob.java:590)
	at org.jkiss.dbeaver.ui.editors.sql.execute.SQLQueryJob.executeSingleQuery(SQLQueryJob.java:449)
	at org.jkiss.dbeaver.ui.editors.sql.execute.SQLQueryJob.extractData(SQLQueryJob.java:1061)
	at org.jkiss.dbeaver.ui.editors.sql.SQLEditor$QueryResultsContainer.readData(SQLEditor.java:4568)
	at org.jkiss.dbeaver.ui.controls.resultset.ResultSetJobDataRead.lambda$0(ResultSetJobDataRead.java:128)
	at org.jkiss.dbeaver.model.exec.DBExecUtils.tryExecuteRecover(DBExecUtils.java:189)
	at org.jkiss.dbeaver.ui.controls.resultset.ResultSetJobDataRead.run(ResultSetJobDataRead.java:126)
	at org.jkiss.dbeaver.ui.controls.resultset.ResultSetViewer$ResultSetDataPumpJob.run(ResultSetViewer.java:5155)
	at org.jkiss.dbeaver.model.runtime.AbstractJob.run(AbstractJob.java:119)
	at org.eclipse.core.internal.jobs.Worker.run(Worker.java:63)
Caused by: java.sql.SQLTimeoutException: (conn=589) Query execution was interrupted
	at org.mariadb.jdbc.export.ExceptionFactory.createException(ExceptionFactory.java:263)
	at org.mariadb.jdbc.export.ExceptionFactory.create(ExceptionFactory.java:378)
	at org.mariadb.jdbc.message.ClientMessage.readPacket(ClientMessage.java:187)
	at org.mariadb.jdbc.client.impl.StandardClient.readPacket(StandardClient.java:1347)
	at org.mariadb.jdbc.client.impl.StandardClient.readResults(StandardClient.java:1286)
	at org.mariadb.jdbc.client.impl.StandardClient.readResponse(StandardClient.java:1205)
	at org.mariadb.jdbc.client.impl.StandardClient.execute(StandardClient.java:1129)
	at org.mariadb.jdbc.Statement.executeInternal(Statement.java:1003)
	at org.mariadb.jdbc.Statement.execute(Statement.java:1132)
	at org.mariadb.jdbc.Statement.execute(Statement.java:471)
	at org.jkiss.dbeaver.model.impl.jdbc.exec.JDBCStatementImpl.execute(JDBCStatementImpl.java:328)
	at org.jkiss.dbeaver.model.impl.jdbc.exec.JDBCStatementImpl.executeStatement(JDBCStatementImpl.java:132)
	... 12 more
2025-09-29 10:33:24.344 - Duplicate object name 'GEOMETRY' in cache JDBCBasicDataTypeCache. Last value: `GEOMETRY`
2025-09-29 10:33:24.344 - Duplicate object name 'POINT' in cache JDBCBasicDataTypeCache. Last value: `POINT`
2025-09-29 10:33:24.344 - Duplicate object name 'LINESTRING' in cache JDBCBasicDataTypeCache. Last value: LINESTRING
2025-09-29 10:33:24.344 - Duplicate object name 'POLYGON' in cache JDBCBasicDataTypeCache. Last value: POLYGON
2025-09-29 10:33:24.344 - Duplicate object name 'MULTIPOINT' in cache JDBCBasicDataTypeCache. Last value: MULTIPOINT
2025-09-29 10:33:24.344 - Duplicate object name 'MULTILINESTRING' in cache JDBCBasicDataTypeCache. Last value: MULTILINESTRING
2025-09-29 10:33:24.344 - Duplicate object name 'MULTIPOLYGON' in cache JDBCBasicDataTypeCache. Last value: MULTIPOLYGON
2025-09-29 10:33:24.344 - Duplicate object name 'GEOMETRYCOLLECTION' in cache JDBCBasicDataTypeCache. Last value: GEOMETRYCOLLECTION
2025-09-29 10:33:27.582 - Execution context closed (swcamp, 8)
2025-09-29 10:33:49.882 - 	Invalidate context 'Main' for mariaDB-1997a2c1683-2babbf3db3d1aa06 (BEFORE_INVALIDATE)
2025-09-29 10:33:54.901 - Connection close timeout
2025-09-29 10:33:54.901 - Statement 196 (DROP TABLE menudb.encore_bank) is not closed
2025-09-29 10:33:54.902 - Statement 170 (DROP TABLE menudb.kb_bank CASCADE) is not closed
2025-09-29 10:33:54.902 - Statement 168 (DROP TABLE menudb.encore_bank) is not closed
2025-09-29 10:33:54.903 - Statement 150 (DROP TABLE menudb.encore_bank CASCADE) is not closed
2025-09-29 10:33:54.903 - Execution context closed (swcamp, 6)
2025-09-29 10:33:54.903 - 	Invalidate context 'Metadata' for mariaDB-1997a2c1683-2babbf3db3d1aa06 (BEFORE_INVALIDATE)
2025-09-29 10:33:54.914 - Execution context closed (swcamp, 7)
2025-09-29 10:33:54.914 - 	Invalidate context 'Main' for mariaDB-1997a2c1683-2babbf3db3d1aa06 (INVALIDATE)
2025-09-29 10:33:54.917 - 	Invalidate context 'Metadata' for mariaDB-1997a2c1683-2babbf3db3d1aa06 (INVALIDATE)
2025-09-29 10:33:54.919 - 	Invalidate context 'Main' for mariaDB-1997a2c1683-2babbf3db3d1aa06 (AFTER_INVALIDATE)
2025-09-29 10:33:54.919 - 	Invalidate context 'Metadata' for mariaDB-1997a2c1683-2babbf3db3d1aa06 (AFTER_INVALIDATE)
2025-09-29 10:33:54.920 - Connections reopened: 2 (of 2)
2025-09-29 10:33:57.833 - Execution context closed (swcamp, 6)
2025-09-29 10:33:57.844 - Execution context closed (swcamp, 7)
2025-09-29 10:33:57.844 - Disconnected (mariaDB-1997a2c1683-2babbf3db3d1aa06)
2025-09-29 10:34:03.848 - Connect with 'swcamp' (mariaDB-1997a2c1683-2babbf3db3d1aa06)
2025-09-29 10:34:03.849 - Execution context opened (swcamp; Main; 9)
2025-09-29 10:34:03.852 - Execution context opened (swcamp; Metadata; 10)
2025-09-29 10:34:03.874 - Connected (mariaDB-1997a2c1683-2babbf3db3d1aa06, MariaDB Connector/J [3.5.2])
2025-09-29 10:34:14.846 - Duplicate object name 'GEOMETRY' in cache JDBCBasicDataTypeCache. Last value: `GEOMETRY`
2025-09-29 10:34:14.846 - Duplicate object name 'POINT' in cache JDBCBasicDataTypeCache. Last value: `POINT`
2025-09-29 10:34:14.846 - Duplicate object name 'LINESTRING' in cache JDBCBasicDataTypeCache. Last value: LINESTRING
2025-09-29 10:34:14.846 - Duplicate object name 'POLYGON' in cache JDBCBasicDataTypeCache. Last value: POLYGON
2025-09-29 10:34:14.846 - Duplicate object name 'MULTIPOINT' in cache JDBCBasicDataTypeCache. Last value: MULTIPOINT
2025-09-29 10:34:14.846 - Duplicate object name 'MULTILINESTRING' in cache JDBCBasicDataTypeCache. Last value: MULTILINESTRING
2025-09-29 10:34:14.846 - Duplicate object name 'MULTIPOLYGON' in cache JDBCBasicDataTypeCache. Last value: MULTIPOLYGON
2025-09-29 10:34:14.846 - Duplicate object name 'GEOMETRYCOLLECTION' in cache JDBCBasicDataTypeCache. Last value: GEOMETRYCOLLECTION
2025-09-29 10:34:20.539 - Execution context closed (swcamp, 9)
2025-09-29 10:34:20.550 - Execution context closed (swcamp, 10)
2025-09-29 10:34:20.550 - Disconnected (mariaDB-1997a2c1683-2babbf3db3d1aa06)
2025-09-29 10:34:25.061 - Dispose navigator model
2025-09-29 10:34:25.120 - DBeaver is stopping
2025-09-29 10:34:25.121 - Stop instance server
2025-09-29 10:34:26.132 - Instance server has been stopped
2025-09-29 10:34:26.132 - DBeaver shutdown completed
