2025-09-25 17:18:39.833 - DBeaver 25.2.1.202509211659 is starting
2025-09-25 17:18:39.834 - OS: Windows 11 10.0 (amd64)
2025-09-25 17:18:39.834 - Java version: 21.0.8 by Eclipse Adoptium (64bit)
2025-09-25 17:18:39.834 - Install path: 'C:\Program Files\DBeaver'
2025-09-25 17:18:39.834 - Instance path: 'file:/C:/dev/01_database/00_YUSEUNGJE/'
2025-09-25 17:18:39.835 - Memory available 64Mb/1024Mb
2025-09-25 17:18:39.840 - Create display
2025-09-25 17:18:39.916 - Initialize desktop platform...
2025-09-25 17:18:40.004 - BounceCastle bundle found. Use JCE provider BC
> Start Core File Systems [org.eclipse.core.filesystem 1.11.200.v20250513-1234]
> Start Core Resource Management [org.eclipse.core.resources 3.22.200.v20250513-1234]
> Start 팀 지원 핵심 [org.eclipse.team.core 3.10.700.v20250313-0656]
> Start DBeaver UI Navigator [org.jkiss.dbeaver.ui.navigator 1.0.163.202509211659]
2025-09-25 17:18:40.109 - Initialize base platform...
2025-09-25 17:18:40.122 - send collected statistics
2025-09-25 17:18:40.127 - Platform initialized (211ms)
2025-09-25 17:18:40.206 - Starting instance server at http://localhost:57052
2025-09-25 17:18:40.210 - Run workbench
> Start Eclipse e4 작업영역 SWT [org.eclipse.e4.ui.workbench.swt 0.17.800.v20250422-1254]
> Start Eclipse Application Services [org.eclipse.e4.core.services 2.5.200.v20250326-1945]
> Start Eclipse UI Application Services [org.eclipse.e4.ui.services 1.6.500.v20250123-0754]
> Start Eclipse e4 Progress View [org.eclipse.e4.ui.progress 0.4.800.v20250422-1254]
> Start Eclipse Bindings Support [org.eclipse.e4.ui.bindings 0.14.600.v20250331-1050]
> Start Eclipse e4 core commands [org.eclipse.e4.core.commands 1.1.600.v20250307-1331]
> Start EMF XML/XMI Persistence [org.eclipse.emf.ecore.xmi 2.39.0.v20250414-1351]
> Start Eclipse CSS SWT Theme Support [org.eclipse.e4.ui.css.swt.theme 0.14.500.v20250213-1508]
> Start Eclipse e4 작업영역 기능 추가 [org.eclipse.e4.ui.workbench.addons.swt 1.5.700.v20250422-1254]
Warning: NLS unused message: WorkbenchPreference_reuseEditorsThreshold in: org.eclipse.ui.internal.messages
Warning: NLS unused message: 이유 in: org.eclipse.ui.internal.messages
> Start Eclipse e4 작업영역 SWT 렌더러 [org.eclipse.e4.ui.workbench.renderers.swt 0.16.800.v20250519-1609]
> Start Eclipse Dependency Injection Extensions [org.eclipse.e4.core.di.extensions 0.18.300.v20240413-1529]
> Start DBeaver AI Model [org.jkiss.dbeaver.model.ai 2.0.6.202509211659]
> Start DBeaver AI UI [org.jkiss.dbeaver.ui.ai 1.0.65.202509211659]
> Start Eclipse CSS SWT Support [org.eclipse.e4.ui.css.swt 0.15.600.v20250409-1135]
2025-09-25 17:18:41.252 - Configure workbench window
> Start DBeaver SQL Model [org.jkiss.dbeaver.model.sql 1.0.153.202509211659]
2025-09-25 17:18:41.414 - Total database drivers: 128 (128)
> Start 도움말 시스템 코어 [org.eclipse.help 3.10.500.v20250423-1201]
2025-09-25 17:18:41.469 - Create actions
2025-09-25 17:18:41.476 - Disable Eclipse action set 'org.eclipse.ui.edit.text.actionSet.annotationNavigation'
2025-09-25 17:18:41.476 - Disable Eclipse action set 'org.eclipse.ui.WorkingSetActionSet'
2025-09-25 17:18:41.476 - Disable Eclipse action set 'org.eclipse.ui.actionSet.openFiles'
2025-09-25 17:18:41.477 - Create workbench actions
2025-09-25 17:18:41.836 - Initialize workbench window
2025-09-25 17:18:41.839 - Finish initialization
> Start 기본 문서 편집기 [org.eclipse.ui.editors 3.20.0.v20250514-1719]
> Start 텍스트 편집기 프레임워크 [org.eclipse.ui.workbench.texteditor 3.19.200.v20250514-1719]
> Start DBeaver UI Editors - Data [org.jkiss.dbeaver.ui.editors.data 1.0.163.202509211659]
> Start DBeaver UI Editors - SQL [org.jkiss.dbeaver.ui.editors.sql 1.0.163.202509211659]
Warning: NLS unused message: FindReplace_RegExCheckbox_label in: org.eclipse.ui.texteditor.EditorMessages
Warning: NLS unused message: FindReplace_WrapCheckBox_label in: org.eclipse.ui.texteditor.EditorMessages
Warning: NLS unused message: FindReplace_IncrementalCheckBox_label in: org.eclipse.ui.texteditor.EditorMessages
Warning: NLS unused message: FindReplace_Options in: org.eclipse.ui.texteditor.EditorMessages
Warning: NLS unused message: FindReplace_ReplaceSelectionButton_label in: org.eclipse.ui.texteditor.EditorMessages
Warning: NLS unused message: FindReplace_SelectedRangeRadioButton_label in: org.eclipse.ui.texteditor.EditorMessages
Warning: NLS unused message: FindReplace_SelectAllButton_label in: org.eclipse.ui.texteditor.EditorMessages
Warning: NLS unused message: FindReplace_GlobalRadioButton_label in: org.eclipse.ui.texteditor.EditorMessages
Warning: NLS unused message: FindReplace_WholeWordCheckBox_label in: org.eclipse.ui.texteditor.EditorMessages
Warning: NLS unused message: FindReplace_ReplaceFindButton_label in: org.eclipse.ui.texteditor.EditorMessages
Warning: NLS unused message: FindReplace_BackwardRadioButton_label in: org.eclipse.ui.texteditor.EditorMessages
Warning: NLS unused message: FindReplace_CloseButton_label in: org.eclipse.ui.texteditor.EditorMessages
Warning: NLS unused message: FindReplace_Replace_label in: org.eclipse.ui.texteditor.EditorMessages
Warning: NLS unused message: FindReplace_CaseCheckBox_label in: org.eclipse.ui.texteditor.EditorMessages
Warning: NLS unused message: FindReplace_Status_replacements_label in: org.eclipse.ui.texteditor.EditorMessages
Warning: NLS unused message: FindReplace_title in: org.eclipse.ui.texteditor.EditorMessages
Warning: NLS unused message: FindReplace_Direction in: org.eclipse.ui.texteditor.EditorMessages
Warning: NLS unused message: FindReplace_ReplaceAllButton_label in: org.eclipse.ui.texteditor.EditorMessages
Warning: NLS unused message: FindReplace_Scope in: org.eclipse.ui.texteditor.EditorMessages
Warning: NLS unused message: FindReplace_Find_label in: org.eclipse.ui.texteditor.EditorMessages
Warning: NLS unused message: FindReplace_ForwardRadioButton_label in: org.eclipse.ui.texteditor.EditorMessages
Warning: NLS unused message: FindReplace_FindNextButton_label in: org.eclipse.ui.texteditor.EditorMessages
> Start DBeaver SQL Terminal [org.jkiss.dbeaver.ui.editors.sql.terminal 1.0.139.202509211659]
> Start 핵심 비교 지원 [org.eclipse.compare.core 3.8.700.v20250120-0641]
> Start Equinox Java Authentication and Authorization Service (JAAS) [org.eclipse.equinox.security 1.4.600.v20250521-0413]
> Start 인터넷 연결 관리 사용자 인터페이스 [org.eclipse.ui.net 1.5.400.v20240413-1529]
> Start Internet Connection Management [org.eclipse.core.net 1.5.700.v20250313-0656]
> Start DBeaver Sample Database [org.jkiss.dbeaver.ui.config.sample 1.0.200.202509211659]
> Start 콘솔 [org.eclipse.ui.console 3.14.300.v20250509-1251]
> Start 디버그 핵심 [org.eclipse.debug.core 3.23.0.v20250509-1924]
> Start DBeaver JDBC Model [org.jkiss.dbeaver.model.jdbc 1.0.56.202509211659]
> Start DBeaver MySQL Support [org.jkiss.dbeaver.ext.mysql 2.1.248.202509211659]
> Start DBeaver Tasks - Native Tools UI [org.jkiss.dbeaver.tasks.native.ui 1.0.141.202509211659]
> Start DBeaver MySQL UI Support [org.jkiss.dbeaver.ext.mysql.ui 1.0.155.202509211659]
> Start DBeaver Tasks - General UI [org.jkiss.dbeaver.tasks.ui 1.0.141.202509211659]
2025-09-25 17:18:44.376 - Open [https://repo1.maven.org/maven2/org/mariadb/jdbc/mariadb-java-client/3.5.2/mariadb-java-client-3.5.2.pom]
> Start DBeaver SQL Language Semantic Model [org.jkiss.dbeaver.model.lsm 1.0.58.202509211659]
2025-09-25 17:18:45.176 - Open [https://repo1.maven.org/maven2/org/junit/junit-bom/5.7.0/junit-bom-5.7.0.pom]
2025-09-25 17:18:45.301 - Open [https://repo1.maven.org/maven2/software/amazon/awssdk/bom/2.21.1/bom-2.21.1.pom]
2025-09-25 17:18:45.552 - Open [https://repo1.maven.org/maven2/software/amazon/awssdk/aws-sdk-java-pom/2.21.1/aws-sdk-java-pom-2.21.1.pom]
2025-09-25 17:18:46.883 - Open [https://repo1.maven.org/maven2/org/mariadb/jdbc/mariadb-java-client/3.5.2/mariadb-java-client-3.5.2.jar]
2025-09-25 17:18:47.333 - Connect with 'swcamp' (mariaDB-1997a2c1683-2babbf3db3d1aa06)
2025-09-25 17:18:47.350 - Execution context opened (swcamp; Main; 0)
> Start DBeaver GIS Support [org.jkiss.dbeaver.data.gis 1.0.187.202509211659]
2025-09-25 17:18:47.425 - Execution context opened (swcamp; Metadata; 1)
2025-09-25 17:18:47.471 - Connected (mariaDB-1997a2c1683-2babbf3db3d1aa06, MariaDB Connector/J [3.5.2])
2025-09-25 17:18:47.496 - Execution context opened (swcamp; SQLEditor <8_grouping.sql>; 2)
2025-09-25 17:18:48.858 - Connect with 'empdb' (mariaDB-1997e750c03-557674da2937459d)
2025-09-25 17:18:48.858 - Execution context opened (empdb; Main; 3)
2025-09-25 17:18:48.861 - Execution context opened (empdb; Metadata; 4)
2025-09-25 17:18:48.885 - Connected (mariaDB-1997e750c03-557674da2937459d, MariaDB Connector/J [3.5.2])
2025-09-25 17:18:48.908 - Execution context opened (empdb; SQLEditor <7_join.sql>; 5)
> Start DBeaver Dashboard UI [org.jkiss.dbeaver.ui.dashboard 1.0.160.202509211659]
> Start GEF Classic Draw2d [org.eclipse.draw2d 3.20.0.202505280821]
> Start GEF Classic GEF (MVC) [org.eclipse.gef 3.22.0.202505280821]
> Start DBeaver ERD UI [org.jkiss.dbeaver.ui.editors.erd 3.1.4.202509211659]
> Start DBeaver ERD Model [org.jkiss.dbeaver.model.erd 1.1.4.202509211659]
2025-09-25 17:20:12.236 - Execution context opened (empdb; SQLEditor <Script-9.sql>; 6)
2025-09-25 17:23:39.382 - Execution context closed (empdb, 6)
2025-09-25 17:23:39.447 - Connect with 'ott_flatform' (mariaDB-1997a2d8a58-7b762d149e89b212)
2025-09-25 17:23:39.448 - Execution context opened (ott_flatform; Main; 7)
2025-09-25 17:23:39.450 - Execution context opened (ott_flatform; Metadata; 8)
2025-09-25 17:23:39.470 - Execution context opened (ott_flatform; SQLEditor <Script-9.sql>; 9)
2025-09-25 17:23:39.471 - Connected (mariaDB-1997a2d8a58-7b762d149e89b212, MariaDB Connector/J [3.5.2])
[ WARN] (DBeaver: Read data [-- 문제 33: 한쪽 테이블의 모든 데이터 보여주기
-- 주제: RIGHT JOIN
-- 문제: 모든 비디오의 제목을 보여주고, 
-- 해당 비디오에 '좋아요'를 누른 사용자가 있다면 그 username도 함께 보여주세요. 
-- '좋아요'가 없는 비디오도 목록에 포함되어야 합니다.
SELECT 
  FROM video_likes a
 RIGHT JOIN videos b ON a.video_id = b.video_id
 LEFT JOIN users c ON a.user_id = c.user_id]) Error: 1064-42000: You have an error in your SQL syntax; check the manual that corresponds to your MariaDB server version for the right syntax to use near 'FROM video_likes a
 RIGHT JOIN videos b ON a.video_id = b.video_id
 LEFT JO...' at line 7
2025-09-25 17:23:48.756 - SQL Error [1064] [42000]: (conn=269) You have an error in your SQL syntax; check the manual that corresponds to your MariaDB server version for the right syntax to use near 'FROM video_likes a
 RIGHT JOIN videos b ON a.video_id = b.video_id
 LEFT JO...' at line 7

Error position: line: 6
org.jkiss.dbeaver.model.sql.DBSQLException: SQL Error [1064] [42000]: (conn=269) You have an error in your SQL syntax; check the manual that corresponds to your MariaDB server version for the right syntax to use near 'FROM video_likes a
 RIGHT JOIN videos b ON a.video_id = b.video_id
 LEFT JO...' at line 7
	at org.jkiss.dbeaver.model.impl.jdbc.exec.JDBCStatementImpl.executeStatement(JDBCStatementImpl.java:134)
	at org.jkiss.dbeaver.ui.editors.sql.execute.SQLQueryJob.executeStatement(SQLQueryJob.java:675)
	at org.jkiss.dbeaver.ui.editors.sql.execute.SQLQueryJob.lambda$2(SQLQueryJob.java:568)
	at org.jkiss.dbeaver.model.exec.DBExecUtils.tryExecuteRecover(DBExecUtils.java:189)
	at org.jkiss.dbeaver.ui.editors.sql.execute.SQLQueryJob.executeSingleElement(SQLQueryJob.java:587)
	at org.jkiss.dbeaver.ui.editors.sql.execute.SQLQueryJob.executeSingleQuery(SQLQueryJob.java:449)
	at org.jkiss.dbeaver.ui.editors.sql.execute.SQLQueryJob.extractData(SQLQueryJob.java:1061)
	at org.jkiss.dbeaver.ui.editors.sql.SQLEditor$QueryResultsContainer.readData(SQLEditor.java:4568)
	at org.jkiss.dbeaver.ui.controls.resultset.ResultSetJobDataRead.lambda$0(ResultSetJobDataRead.java:128)
	at org.jkiss.dbeaver.model.exec.DBExecUtils.tryExecuteRecover(DBExecUtils.java:189)
	at org.jkiss.dbeaver.ui.controls.resultset.ResultSetJobDataRead.run(ResultSetJobDataRead.java:126)
	at org.jkiss.dbeaver.ui.controls.resultset.ResultSetViewer$ResultSetDataPumpJob.run(ResultSetViewer.java:5155)
	at org.jkiss.dbeaver.model.runtime.AbstractJob.run(AbstractJob.java:119)
	at org.eclipse.core.internal.jobs.Worker.run(Worker.java:63)
Caused by: java.sql.SQLSyntaxErrorException: (conn=269) You have an error in your SQL syntax; check the manual that corresponds to your MariaDB server version for the right syntax to use near 'FROM video_likes a
 RIGHT JOIN videos b ON a.video_id = b.video_id
 LEFT JO...' at line 7
	at org.mariadb.jdbc.export.ExceptionFactory.createException(ExceptionFactory.java:289)
	at org.mariadb.jdbc.export.ExceptionFactory.create(ExceptionFactory.java:378)
	at org.mariadb.jdbc.message.ClientMessage.readPacket(ClientMessage.java:187)
	at org.mariadb.jdbc.client.impl.StandardClient.readPacket(StandardClient.java:1347)
	at org.mariadb.jdbc.client.impl.StandardClient.readResults(StandardClient.java:1286)
	at org.mariadb.jdbc.client.impl.StandardClient.readResponse(StandardClient.java:1205)
	at org.mariadb.jdbc.client.impl.StandardClient.execute(StandardClient.java:1129)
	at org.mariadb.jdbc.Statement.executeInternal(Statement.java:1003)
	at org.mariadb.jdbc.Statement.execute(Statement.java:1132)
	at org.mariadb.jdbc.Statement.execute(Statement.java:471)
	at org.jkiss.dbeaver.model.impl.jdbc.exec.JDBCStatementImpl.execute(JDBCStatementImpl.java:328)
	at org.jkiss.dbeaver.model.impl.jdbc.exec.JDBCStatementImpl.executeStatement(JDBCStatementImpl.java:132)
	... 13 more
2025-09-25 17:26:14.895 - Execution context closed (ott_flatform, 9)
> Start 검색 지원 [org.eclipse.search 3.17.200.v20250427-1424]
2025-09-25 17:26:27.495 - Execution context opened (ott_flatform; SQLEditor <Script-9.sql>; 10)
[ WARN] (DBeaver: Read data [-- 문제 34: 특정 카테고리 중 활동이 없는 데이터 찾기
-- 주제: LEFT JOIN + WHERE IN
-- 문제: 'IT/테크' 또는 '교육' 카테고리 비디오 중에서, 
-- '좋아요'를 받지 못한 비디오의 제목과 카테고리를 조회하세요.
SELECT
  FROM videos a
  LEFT JOIN video_likes b ON a.video_id = b.video_id 
 WHERE a.category IN('IT/테크', '교육')]) Error: 1064-42000: You have an error in your SQL syntax; check the manual that corresponds to your MariaDB server version for the right syntax to use near 'FROM videos a
  LEFT JOIN video_likes b ON a.video_id = b.video_id 
 WHERE ...' at line 6
2025-09-25 17:27:28.075 - SQL Error [1064] [42000]: (conn=270) You have an error in your SQL syntax; check the manual that corresponds to your MariaDB server version for the right syntax to use near 'FROM videos a
  LEFT JOIN video_likes b ON a.video_id = b.video_id 
 WHERE ...' at line 6

Error position: line: 5
org.jkiss.dbeaver.model.sql.DBSQLException: SQL Error [1064] [42000]: (conn=270) You have an error in your SQL syntax; check the manual that corresponds to your MariaDB server version for the right syntax to use near 'FROM videos a
  LEFT JOIN video_likes b ON a.video_id = b.video_id 
 WHERE ...' at line 6
	at org.jkiss.dbeaver.model.impl.jdbc.exec.JDBCStatementImpl.executeStatement(JDBCStatementImpl.java:134)
	at org.jkiss.dbeaver.ui.editors.sql.execute.SQLQueryJob.executeStatement(SQLQueryJob.java:675)
	at org.jkiss.dbeaver.ui.editors.sql.execute.SQLQueryJob.lambda$2(SQLQueryJob.java:568)
	at org.jkiss.dbeaver.model.exec.DBExecUtils.tryExecuteRecover(DBExecUtils.java:189)
	at org.jkiss.dbeaver.ui.editors.sql.execute.SQLQueryJob.executeSingleElement(SQLQueryJob.java:587)
	at org.jkiss.dbeaver.ui.editors.sql.execute.SQLQueryJob.executeSingleQuery(SQLQueryJob.java:449)
	at org.jkiss.dbeaver.ui.editors.sql.execute.SQLQueryJob.extractData(SQLQueryJob.java:1061)
	at org.jkiss.dbeaver.ui.editors.sql.SQLEditor$QueryResultsContainer.readData(SQLEditor.java:4568)
	at org.jkiss.dbeaver.ui.controls.resultset.ResultSetJobDataRead.lambda$0(ResultSetJobDataRead.java:128)
	at org.jkiss.dbeaver.model.exec.DBExecUtils.tryExecuteRecover(DBExecUtils.java:189)
	at org.jkiss.dbeaver.ui.controls.resultset.ResultSetJobDataRead.run(ResultSetJobDataRead.java:126)
	at org.jkiss.dbeaver.ui.controls.resultset.ResultSetViewer$ResultSetDataPumpJob.run(ResultSetViewer.java:5155)
	at org.jkiss.dbeaver.model.runtime.AbstractJob.run(AbstractJob.java:119)
	at org.eclipse.core.internal.jobs.Worker.run(Worker.java:63)
Caused by: java.sql.SQLSyntaxErrorException: (conn=270) You have an error in your SQL syntax; check the manual that corresponds to your MariaDB server version for the right syntax to use near 'FROM videos a
  LEFT JOIN video_likes b ON a.video_id = b.video_id 
 WHERE ...' at line 6
	at org.mariadb.jdbc.export.ExceptionFactory.createException(ExceptionFactory.java:289)
	at org.mariadb.jdbc.export.ExceptionFactory.create(ExceptionFactory.java:378)
	at org.mariadb.jdbc.message.ClientMessage.readPacket(ClientMessage.java:187)
	at org.mariadb.jdbc.client.impl.StandardClient.readPacket(StandardClient.java:1347)
	at org.mariadb.jdbc.client.impl.StandardClient.readResults(StandardClient.java:1286)
	at org.mariadb.jdbc.client.impl.StandardClient.readResponse(StandardClient.java:1205)
	at org.mariadb.jdbc.client.impl.StandardClient.execute(StandardClient.java:1129)
	at org.mariadb.jdbc.Statement.executeInternal(Statement.java:1003)
	at org.mariadb.jdbc.Statement.execute(Statement.java:1132)
	at org.mariadb.jdbc.Statement.execute(Statement.java:471)
	at org.jkiss.dbeaver.model.impl.jdbc.exec.JDBCStatementImpl.execute(JDBCStatementImpl.java:328)
	at org.jkiss.dbeaver.model.impl.jdbc.exec.JDBCStatementImpl.executeStatement(JDBCStatementImpl.java:132)
	... 13 more
[ WARN] (DBeaver: SQL script execution) Error: 1064-42000: You have an error in your SQL syntax; check the manual that corresponds to your MariaDB server version for the right syntax to use near 'FROM users a
  JOING' at line 6
2025-09-25 17:31:32.476 - org.jkiss.dbeaver.model.sql.DBSQLException: SQL Error [1064] [42000]: (conn=270) You have an error in your SQL syntax; check the manual that corresponds to your MariaDB server version for the right syntax to use near 'FROM users a
  JOING' at line 6
	at org.jkiss.dbeaver.model.impl.jdbc.exec.JDBCStatementImpl.executeStatement(JDBCStatementImpl.java:134)
	at org.jkiss.dbeaver.ui.editors.sql.execute.SQLQueryJob.executeStatement(SQLQueryJob.java:675)
	at org.jkiss.dbeaver.ui.editors.sql.execute.SQLQueryJob.lambda$2(SQLQueryJob.java:568)
	at org.jkiss.dbeaver.model.exec.DBExecUtils.tryExecuteRecover(DBExecUtils.java:189)
	at org.jkiss.dbeaver.ui.editors.sql.execute.SQLQueryJob.executeSingleElement(SQLQueryJob.java:587)
	at org.jkiss.dbeaver.ui.editors.sql.execute.SQLQueryJob.executeSingleQuery(SQLQueryJob.java:449)
	at org.jkiss.dbeaver.ui.editors.sql.execute.SQLQueryJob.run(SQLQueryJob.java:244)
	at org.jkiss.dbeaver.model.runtime.AbstractJob.run(AbstractJob.java:119)
	at org.eclipse.core.internal.jobs.Worker.run(Worker.java:63)
Caused by: java.sql.SQLSyntaxErrorException: (conn=270) You have an error in your SQL syntax; check the manual that corresponds to your MariaDB server version for the right syntax to use near 'FROM users a
  JOING' at line 6
	at org.mariadb.jdbc.export.ExceptionFactory.createException(ExceptionFactory.java:289)
	at org.mariadb.jdbc.export.ExceptionFactory.create(ExceptionFactory.java:378)
	at org.mariadb.jdbc.message.ClientMessage.readPacket(ClientMessage.java:187)
	at org.mariadb.jdbc.client.impl.StandardClient.readPacket(StandardClient.java:1347)
	at org.mariadb.jdbc.client.impl.StandardClient.readResults(StandardClient.java:1286)
	at org.mariadb.jdbc.client.impl.StandardClient.readResponse(StandardClient.java:1205)
	at org.mariadb.jdbc.client.impl.StandardClient.execute(StandardClient.java:1129)
	at org.mariadb.jdbc.Statement.executeInternal(Statement.java:1003)
	at org.mariadb.jdbc.Statement.execute(Statement.java:1132)
	at org.mariadb.jdbc.Statement.execute(Statement.java:471)
	at org.jkiss.dbeaver.model.impl.jdbc.exec.JDBCStatementImpl.execute(JDBCStatementImpl.java:328)
	at org.jkiss.dbeaver.model.impl.jdbc.exec.JDBCStatementImpl.executeStatement(JDBCStatementImpl.java:132)
	... 8 more
2025-09-25 18:13:56.837 - Execution context closed (swcamp, 2)
2025-09-25 18:13:56.881 - Execution context closed (empdb, 5)
2025-09-25 18:13:56.941 - Execution context closed (ott_flatform, 10)
2025-09-25 18:13:57.067 - Dispose navigator model
2025-09-25 18:13:57.090 - DBeaver is stopping
2025-09-25 18:13:57.091 - Stop instance server
2025-09-25 18:13:58.111 - Instance server has been stopped
2025-09-25 18:13:58.111 - DBeaver shutdown completed
