2025-09-29 10:25:13.756 - DBeaver 25.2.1.202509211659 is starting
2025-09-29 10:25:13.757 - OS: Windows 11 10.0 (amd64)
2025-09-29 10:25:13.757 - Java version: 21.0.8 by Eclipse Adoptium (64bit)
2025-09-29 10:25:13.757 - Install path: 'C:\Program Files\DBeaver'
2025-09-29 10:25:13.757 - Instance path: 'file:/C:/dev/01_database/00_YUSEUNGJE/'
2025-09-29 10:25:13.758 - Memory available 64Mb/1024Mb
2025-09-29 10:25:13.763 - Create display
2025-09-29 10:25:13.841 - Initialize desktop platform...
2025-09-29 10:25:13.928 - BounceCastle bundle found. Use JCE provider BC
> Start Core File Systems [org.eclipse.core.filesystem 1.11.200.v20250513-1234]
> Start Core Resource Management [org.eclipse.core.resources 3.22.200.v20250513-1234]
> Start 팀 지원 핵심 [org.eclipse.team.core 3.10.700.v20250313-0656]
> Start DBeaver UI Navigator [org.jkiss.dbeaver.ui.navigator 1.0.163.202509211659]
2025-09-29 10:25:14.037 - Initialize base platform...
2025-09-29 10:25:14.052 - send collected statistics
2025-09-29 10:25:14.058 - Platform initialized (217ms)
2025-09-29 10:25:14.134 - Starting instance server at http://localhost:53752
2025-09-29 10:25:14.138 - Run workbench
> Start Eclipse e4 작업영역 SWT [org.eclipse.e4.ui.workbench.swt 0.17.800.v20250422-1254]
> Start Eclipse Application Services [org.eclipse.e4.core.services 2.5.200.v20250326-1945]
> Start Eclipse UI Application Services [org.eclipse.e4.ui.services 1.6.500.v20250123-0754]
> Start Eclipse e4 Progress View [org.eclipse.e4.ui.progress 0.4.800.v20250422-1254]
> Start Eclipse Bindings Support [org.eclipse.e4.ui.bindings 0.14.600.v20250331-1050]
> Start Eclipse e4 core commands [org.eclipse.e4.core.commands 1.1.600.v20250307-1331]
> Start EMF XML/XMI Persistence [org.eclipse.emf.ecore.xmi 2.39.0.v20250414-1351]
> Start Eclipse CSS SWT Theme Support [org.eclipse.e4.ui.css.swt.theme 0.14.500.v20250213-1508]
> Start Eclipse e4 작업영역 기능 추가 [org.eclipse.e4.ui.workbench.addons.swt 1.5.700.v20250422-1254]
Warning: NLS unused message: WorkbenchPreference_reuseEditorsThreshold in: org.eclipse.ui.internal.messages
Warning: NLS unused message: 이유 in: org.eclipse.ui.internal.messages
> Start Eclipse e4 작업영역 SWT 렌더러 [org.eclipse.e4.ui.workbench.renderers.swt 0.16.800.v20250519-1609]
> Start Eclipse Dependency Injection Extensions [org.eclipse.e4.core.di.extensions 0.18.300.v20240413-1529]
> Start DBeaver AI Model [org.jkiss.dbeaver.model.ai 2.0.6.202509211659]
> Start DBeaver AI UI [org.jkiss.dbeaver.ui.ai 1.0.65.202509211659]
> Start Eclipse CSS SWT Support [org.eclipse.e4.ui.css.swt 0.15.600.v20250409-1135]
2025-09-29 10:25:15.167 - Configure workbench window
> Start DBeaver SQL Model [org.jkiss.dbeaver.model.sql 1.0.153.202509211659]
2025-09-29 10:25:15.338 - Total database drivers: 128 (128)
> Start 도움말 시스템 코어 [org.eclipse.help 3.10.500.v20250423-1201]
2025-09-29 10:25:15.395 - Create actions
2025-09-29 10:25:15.402 - Disable Eclipse action set 'org.eclipse.ui.edit.text.actionSet.annotationNavigation'
2025-09-29 10:25:15.403 - Disable Eclipse action set 'org.eclipse.ui.WorkingSetActionSet'
2025-09-29 10:25:15.403 - Disable Eclipse action set 'org.eclipse.ui.actionSet.openFiles'
2025-09-29 10:25:15.403 - Create workbench actions
2025-09-29 10:25:15.754 - Initialize workbench window
2025-09-29 10:25:15.759 - Finish initialization
> Start 기본 문서 편집기 [org.eclipse.ui.editors 3.20.0.v20250514-1719]
> Start 텍스트 편집기 프레임워크 [org.eclipse.ui.workbench.texteditor 3.19.200.v20250514-1719]
> Start DBeaver UI Editors - Data [org.jkiss.dbeaver.ui.editors.data 1.0.163.202509211659]
> Start DBeaver UI Editors - SQL [org.jkiss.dbeaver.ui.editors.sql 1.0.163.202509211659]
Warning: NLS unused message: FindReplace_RegExCheckbox_label in: org.eclipse.ui.texteditor.EditorMessages
Warning: NLS unused message: FindReplace_WrapCheckBox_label in: org.eclipse.ui.texteditor.EditorMessages
Warning: NLS unused message: FindReplace_IncrementalCheckBox_label in: org.eclipse.ui.texteditor.EditorMessages
Warning: NLS unused message: FindReplace_Options in: org.eclipse.ui.texteditor.EditorMessages
Warning: NLS unused message: FindReplace_ReplaceSelectionButton_label in: org.eclipse.ui.texteditor.EditorMessages
Warning: NLS unused message: FindReplace_SelectedRangeRadioButton_label in: org.eclipse.ui.texteditor.EditorMessages
Warning: NLS unused message: FindReplace_SelectAllButton_label in: org.eclipse.ui.texteditor.EditorMessages
Warning: NLS unused message: FindReplace_GlobalRadioButton_label in: org.eclipse.ui.texteditor.EditorMessages
Warning: NLS unused message: FindReplace_WholeWordCheckBox_label in: org.eclipse.ui.texteditor.EditorMessages
Warning: NLS unused message: FindReplace_ReplaceFindButton_label in: org.eclipse.ui.texteditor.EditorMessages
Warning: NLS unused message: FindReplace_BackwardRadioButton_label in: org.eclipse.ui.texteditor.EditorMessages
Warning: NLS unused message: FindReplace_CloseButton_label in: org.eclipse.ui.texteditor.EditorMessages
Warning: NLS unused message: FindReplace_Replace_label in: org.eclipse.ui.texteditor.EditorMessages
Warning: NLS unused message: FindReplace_CaseCheckBox_label in: org.eclipse.ui.texteditor.EditorMessages
Warning: NLS unused message: FindReplace_Status_replacements_label in: org.eclipse.ui.texteditor.EditorMessages
Warning: NLS unused message: FindReplace_title in: org.eclipse.ui.texteditor.EditorMessages
Warning: NLS unused message: FindReplace_Direction in: org.eclipse.ui.texteditor.EditorMessages
Warning: NLS unused message: FindReplace_ReplaceAllButton_label in: org.eclipse.ui.texteditor.EditorMessages
Warning: NLS unused message: FindReplace_Scope in: org.eclipse.ui.texteditor.EditorMessages
Warning: NLS unused message: FindReplace_Find_label in: org.eclipse.ui.texteditor.EditorMessages
Warning: NLS unused message: FindReplace_ForwardRadioButton_label in: org.eclipse.ui.texteditor.EditorMessages
Warning: NLS unused message: FindReplace_FindNextButton_label in: org.eclipse.ui.texteditor.EditorMessages
> Start DBeaver SQL Terminal [org.jkiss.dbeaver.ui.editors.sql.terminal 1.0.139.202509211659]
> Start 핵심 비교 지원 [org.eclipse.compare.core 3.8.700.v20250120-0641]
> Start Equinox Java Authentication and Authorization Service (JAAS) [org.eclipse.equinox.security 1.4.600.v20250521-0413]
> Start 인터넷 연결 관리 사용자 인터페이스 [org.eclipse.ui.net 1.5.400.v20240413-1529]
> Start Internet Connection Management [org.eclipse.core.net 1.5.700.v20250313-0656]
> Start DBeaver Sample Database [org.jkiss.dbeaver.ui.config.sample 1.0.200.202509211659]
> Start 콘솔 [org.eclipse.ui.console 3.14.300.v20250509-1251]
> Start 디버그 핵심 [org.eclipse.debug.core 3.23.0.v20250509-1924]
> Start DBeaver JDBC Model [org.jkiss.dbeaver.model.jdbc 1.0.56.202509211659]
> Start DBeaver MySQL Support [org.jkiss.dbeaver.ext.mysql 2.1.248.202509211659]
> Start DBeaver Tasks - Native Tools UI [org.jkiss.dbeaver.tasks.native.ui 1.0.141.202509211659]
> Start DBeaver MySQL UI Support [org.jkiss.dbeaver.ext.mysql.ui 1.0.155.202509211659]
> Start DBeaver Tasks - General UI [org.jkiss.dbeaver.tasks.ui 1.0.141.202509211659]
> Start DBeaver Dashboard UI [org.jkiss.dbeaver.ui.dashboard 1.0.160.202509211659]
> Start GEF Classic Draw2d [org.eclipse.draw2d 3.20.0.202505280821]
> Start GEF Classic GEF (MVC) [org.eclipse.gef 3.22.0.202505280821]
> Start DBeaver ERD UI [org.jkiss.dbeaver.ui.editors.erd 3.1.4.202509211659]
> Start DBeaver ERD Model [org.jkiss.dbeaver.model.erd 1.1.4.202509211659]
2025-09-29 10:25:17.892 - Connect with 'swcamp' (mariaDB-1997a2c1683-2babbf3db3d1aa06)
2025-09-29 10:25:17.893 - Connect with 'ott_flatform' (mariaDB-1997a2d8a58-7b762d149e89b212)
2025-09-29 10:25:17.915 - Execution context opened (swcamp; Main; 0)
2025-09-29 10:25:17.915 - Execution context opened (ott_flatform; Main; 1)
> Start DBeaver GIS Support [org.jkiss.dbeaver.data.gis 1.0.187.202509211659]
2025-09-29 10:25:18.038 - Execution context opened (ott_flatform; Metadata; 2)
2025-09-29 10:25:18.038 - Execution context opened (swcamp; Metadata; 3)
2025-09-29 10:25:18.138 - Connected (mariaDB-1997a2c1683-2babbf3db3d1aa06, MariaDB Connector/J [3.5.2])
2025-09-29 10:25:18.138 - Connected (mariaDB-1997a2d8a58-7b762d149e89b212, MariaDB Connector/J [3.5.2])
2025-09-29 10:25:18.222 - Execution context opened (swcamp; SQLEditor <12_transaction.sql>; 4)
2025-09-29 10:25:18.224 - Execution context opened (ott_flatform; SQLEditor <Script-12.sql>; 5)
> Start DBeaver SQL Language Semantic Model [org.jkiss.dbeaver.model.lsm 1.0.58.202509211659]
2025-09-29 10:25:39.003 - Cannot execute more than one query in one tab. Try to use multiple tabs for simultaneous query execution.
2025-09-29 10:25:41.697 - Cannot execute more than one query in one tab. Try to use multiple tabs for simultaneous query execution.
2025-09-29 10:25:58.605 - Cannot execute more than one query in one tab. Try to use multiple tabs for simultaneous query execution.
[ WARN] (DBeaver: SQL script execution) Error: 1205-HY000: Lock wait timeout exceeded; try restarting transaction
2025-09-29 10:26:25.271 - org.jkiss.dbeaver.model.sql.DBSQLException: SQL Error [1205] [HY000]: (conn=568) Lock wait timeout exceeded; try restarting transaction
	at org.jkiss.dbeaver.model.impl.jdbc.exec.JDBCStatementImpl.executeStatement(JDBCStatementImpl.java:134)
	at org.jkiss.dbeaver.ui.editors.sql.execute.SQLQueryJob.executeStatement(SQLQueryJob.java:675)
	at org.jkiss.dbeaver.ui.editors.sql.execute.SQLQueryJob.lambda$2(SQLQueryJob.java:568)
	at org.jkiss.dbeaver.ui.editors.sql.execute.SQLQueryJob.executeSingleElement(SQLQueryJob.java:590)
	at org.jkiss.dbeaver.ui.editors.sql.execute.SQLQueryJob.executeSingleQuery(SQLQueryJob.java:449)
	at org.jkiss.dbeaver.ui.editors.sql.execute.SQLQueryJob.run(SQLQueryJob.java:244)
	at org.jkiss.dbeaver.model.runtime.AbstractJob.run(AbstractJob.java:119)
	at org.eclipse.core.internal.jobs.Worker.run(Worker.java:63)
Caused by: java.sql.SQLException: (conn=568) Lock wait timeout exceeded; try restarting transaction
	at org.mariadb.jdbc.export.ExceptionFactory.createException(ExceptionFactory.java:306)
	at org.mariadb.jdbc.export.ExceptionFactory.create(ExceptionFactory.java:378)
	at org.mariadb.jdbc.message.ClientMessage.readPacket(ClientMessage.java:187)
	at org.mariadb.jdbc.client.impl.StandardClient.readPacket(StandardClient.java:1347)
	at org.mariadb.jdbc.client.impl.StandardClient.readResults(StandardClient.java:1286)
	at org.mariadb.jdbc.client.impl.StandardClient.readResponse(StandardClient.java:1205)
	at org.mariadb.jdbc.client.impl.StandardClient.execute(StandardClient.java:1129)
	at org.mariadb.jdbc.Statement.executeInternal(Statement.java:1003)
	at org.mariadb.jdbc.Statement.execute(Statement.java:1132)
	at org.mariadb.jdbc.Statement.execute(Statement.java:471)
	at org.jkiss.dbeaver.model.impl.jdbc.exec.JDBCStatementImpl.execute(JDBCStatementImpl.java:328)
	at org.jkiss.dbeaver.model.impl.jdbc.exec.JDBCStatementImpl.executeStatement(JDBCStatementImpl.java:132)
	... 7 more
2025-09-29 10:26:57.279 - Cannot execute more than one query in one tab. Try to use multiple tabs for simultaneous query execution.
[ WARN] (DBeaver: SQL script execution) Error: 1317-70100: Query execution was interrupted
> Start DBeaver Data Transfer [org.jkiss.dbeaver.data.transfer 2.0.147.202509211659]
2025-09-29 10:27:47.751 - Execution context closed (ott_flatform, 5)
2025-09-29 10:27:47.782 - Execution context closed (swcamp, 4)
2025-09-29 10:27:47.938 - Dispose navigator model
2025-09-29 10:27:48.018 - DBeaver is stopping
2025-09-29 10:27:48.021 - Stop instance server
2025-09-29 10:27:49.037 - DBeaver shutdown completed
