14895:APP_OPEN:startTime=1758798358575
18996:GENERAL_SHOW_PERSPECTIVE:perspective=org.jkiss.dbeaver.core.perspective
18996:GENERAL_VIEW_OPEN:view=org.jkiss.dbeaver.core.databaseNavigator
18996:GENERAL_VIEW_OPEN:view=org.jkiss.dbeaver.core.projectExplorer
19849:SQL_EDITOR_OPEN:driver=mysql:mariaDB
20615:CONNECTION_OPEN:driver=mysql:mariaDB&origin=local
43512:SQL_EDITOR_EXECUTE_QUERY
48321:SQL_EDITOR_EXECUTE_QUERY
54175:SQL_EDITOR_EXECUTE_QUERY
56741:SQL_EDITOR_EXECUTE_QUERY
59004:SQL_EDITOR_EXECUTE_QUERY
61126:SQL_EDITOR_EXECUTE_QUERY
63608:SQL_EDITOR_EXECUTE_QUERY
65410:SQL_EDITOR_EXECUTE_QUERY
67732:SQL_EDITOR_EXECUTE_QUERY
69526:SQL_EDITOR_EXECUTE_QUERY
71757:SQL_EDITOR_EXECUTE_QUERY
73506:SQL_EDITOR_EXECUTE_QUERY
75566:SQL_EDITOR_EXECUTE_QUERY
77169:SQL_EDITOR_EXECUTE_QUERY
79500:SQL_EDITOR_EXECUTE_QUERY
81509:SQL_EDITOR_EXECUTE_QUERY
83491:SQL_EDITOR_EXECUTE_QUERY
85652:SQL_EDITOR_EXECUTE_QUERY
87783:SQL_EDITOR_EXECUTE_QUERY
87796:SQL_EDITOR_EXECUTE_QUERY
89803:SQL_EDITOR_EXECUTE_QUERY
91421:SQL_EDITOR_EXECUTE_QUERY
93354:SQL_EDITOR_EXECUTE_QUERY
94924:SQL_EDITOR_EXECUTE_QUERY
96560:SQL_EDITOR_EXECUTE_QUERY
98243:SQL_EDITOR_EXECUTE_QUERY
100040:SQL_EDITOR_EXECUTE_QUERY
126085:SQL_EDITOR_EXECUTE_QUERY
127810:SQL_EDITOR_EXECUTE_QUERY
130022:SQL_EDITOR_EXECUTE_QUERY
133046:SQL_EDITOR_EXECUTE_QUERY
134913:SQL_EDITOR_EXECUTE_QUERY
137086:SQL_EDITOR_EXECUTE_QUERY
138654:SQL_EDITOR_EXECUTE_QUERY
140429:SQL_EDITOR_EXECUTE_QUERY
142491:SQL_EDITOR_EXECUTE_QUERY
144088:SQL_EDITOR_EXECUTE_QUERY
146221:SQL_EDITOR_EXECUTE_QUERY
148096:SQL_EDITOR_EXECUTE_QUERY
149528:SQL_EDITOR_EXECUTE_QUERY
151095:SQL_EDITOR_EXECUTE_QUERY
153057:SQL_EDITOR_EXECUTE_QUERY
175422:SQL_EDITOR_OPEN:driver=mysql:mariaDB
265021:SQL_EDITOR_OPEN:driver=mysql:mariaDB
286157:SQL_EDITOR_OPEN:driver=mysql:mariaDB
293984:SQL_EDITOR_OPEN:driver=mysql:mariaDB
384714:SQL_EDITOR_EXECUTE_QUERY
386947:SQL_EDITOR_EXECUTE_QUERY
388742:SQL_EDITOR_EXECUTE_QUERY
392631:SQL_EDITOR_EXECUTE_QUERY
465913:SQL_EDITOR_EXECUTE_QUERY
486103:SQL_EDITOR_EXECUTE_QUERY
739938:CONNECTION_OPEN:driver=mysql:mariaDB&origin=local
811696:SQL_EDITOR_OPEN:driver=mysql:mariaDB
880186:SQL_EDITOR_EXECUTE_QUERY
900122:SQL_EDITOR_EXECUTE_QUERY
953146:SQL_EDITOR_EXECUTE_QUERY
962505:SQL_EDITOR_EXECUTE_QUERY
964266:SQL_EDITOR_EXECUTE_QUERY
983511:SQL_EDITOR_EXECUTE_QUERY
985007:SQL_EDITOR_EXECUTE_QUERY
998538:SQL_EDITOR_EXECUTE_QUERY
1103923:SQL_EDITOR_EXECUTE_QUERY
1118909:SQL_EDITOR_EXECUTE_QUERY
1177508:SQL_EDITOR_EXECUTE_QUERY
1182705:SQL_EDITOR_EXECUTE_QUERY
1198919:SQL_EDITOR_EXECUTE_QUERY
1215149:SQL_EDITOR_EXECUTE_QUERY
1216320:SQL_EDITOR_EXECUTE_QUERY
1244948:SQL_EDITOR_EXECUTE_QUERY
1286428:SQL_EDITOR_EXECUTE_QUERY
1290372:SQL_EDITOR_EXECUTE_QUERY
1295660:SQL_EDITOR_EXECUTE_QUERY
1315912:SQL_EDITOR_EXECUTE_QUERY
1327744:SQL_EDITOR_EXECUTE_QUERY
1366023:SQL_EDITOR_EXECUTE_QUERY
1370973:SQL_EDITOR_EXECUTE_QUERY
1418917:SQL_EDITOR_EXECUTE_QUERY
1469945:SQL_EDITOR_EXECUTE_QUERY
1471219:SQL_EDITOR_EXECUTE_QUERY
1507791:SQL_EDITOR_EXECUTE_QUERY
1560679:SQL_EDITOR_EXECUTE_QUERY
1595754:SQL_EDITOR_EXECUTE_QUERY
1629876:SQL_EDITOR_EXECUTE_QUERY
1636452:SQL_EDITOR_EXECUTE_QUERY
1638692:SQL_EDITOR_EXECUTE_QUERY
1698481:SQL_EDITOR_EXECUTE_QUERY
1705306:SQL_EDITOR_EXECUTE_QUERY
1708970:SQL_EDITOR_EXECUTE_QUERY
1723068:Open task manager
1723069:GENERAL_VIEW_OPEN:view=org.jkiss.dbeaver.tasks
1726838:GENERAL_VIEW_CLOSE:view=org.jkiss.dbeaver.tasks
1778593:SQL_EDITOR_EXECUTE_QUERY
1786483:SQL_EDITOR_EXECUTE_QUERY
1829877:SQL_EDITOR_EXECUTE_QUERY
1860953:SQL_EDITOR_EXECUTE_QUERY
1873092:SQL_EDITOR_EXECUTE_QUERY
1938267:SQL_EDITOR_EXECUTE_QUERY
1942195:SQL_EDITOR_EXECUTE_QUERY
1960917:SQL_EDITOR_EXECUTE_QUERY
2004468:SQL_EDITOR_EXECUTE_QUERY
2013623:SQL_EDITOR_EXECUTE_QUERY
2060429:SQL_EDITOR_EXECUTE_QUERY
2062240:SQL_EDITOR_EXECUTE_QUERY
2063990:SQL_EDITOR_EXECUTE_QUERY
2066948:SQL_EDITOR_EXECUTE_QUERY
2081290:SQL_EDITOR_EXECUTE_QUERY
2087878:SQL_EDITOR_EXECUTE_QUERY
2127621:SQL_EDITOR_EXECUTE_QUERY
2132708:SQL_EDITOR_EXECUTE_QUERY
2163124:SQL_EDITOR_EXECUTE_QUERY
2186593:SQL_EDITOR_EXECUTE_QUERY
2187535:SQL_EDITOR_EXECUTE_QUERY
2215080:SQL_EDITOR_EXECUTE_QUERY
2240020:SQL_EDITOR_EXECUTE_QUERY
2256413:SQL_EDITOR_EXECUTE_QUERY
2306130:SQL_EDITOR_EXECUTE_QUERY
2325516:SQL_EDITOR_EXECUTE_QUERY
2330802:SQL_EDITOR_EXECUTE_QUERY
2343242:SQL_EDITOR_EXECUTE_QUERY
2344125:SQL_EDITOR_EXECUTE_QUERY
2352876:SQL_EDITOR_EXECUTE_QUERY
2356491:SQL_EDITOR_EXECUTE_QUERY
2357262:SQL_EDITOR_EXECUTE_QUERY
2390764:SQL_EDITOR_EXECUTE_QUERY
2399589:SQL_EDITOR_EXECUTE_QUERY
2406818:SQL_EDITOR_EXECUTE_QUERY
2491971:SQL_EDITOR_EXECUTE_QUERY
2494647:SQL_EDITOR_EXECUTE_QUERY
2499665:SQL_EDITOR_EXECUTE_QUERY
2553584:SQL_EDITOR_EXECUTE_QUERY
2651825:SQL_EDITOR_EXECUTE_QUERY
2746298:SQL_EDITOR_EXECUTE_QUERY
2756332:SQL_EDITOR_EXECUTE_QUERY
2759274:SQL_EDITOR_EXECUTE_QUERY
2774605:SQL_EDITOR_EXECUTE_QUERY
2797263:SQL_EDITOR_EXECUTE_QUERY
2817283:SQL_EDITOR_EXECUTE_QUERY
2823098:SQL_EDITOR_EXECUTE_QUERY
2828189:SQL_EDITOR_EXECUTE_QUERY
2830591:SQL_EDITOR_EXECUTE_QUERY
2853697:SQL_EDITOR_EXECUTE_QUERY
2873399:SQL_EDITOR_EXECUTE_QUERY
2876038:SQL_EDITOR_EXECUTE_QUERY
2905192:SQL_EDITOR_EXECUTE_QUERY
2907470:SQL_EDITOR_EXECUTE_QUERY
2913351:SQL_EDITOR_EXECUTE_QUERY
2915151:SQL_EDITOR_EXECUTE_QUERY
3094504:SQL_EDITOR_EXECUTE_QUERY
3104399:SQL_EDITOR_EXECUTE_QUERY
3304682:SQL_EDITOR_EXECUTE_QUERY
3333726:SQL_EDITOR_EXECUTE_QUERY
3342870:SQL_EDITOR_EXECUTE_QUERY
3348786:SQL_EDITOR_EXECUTE_QUERY
3409351:SQL_EDITOR_EXECUTE_QUERY
3421375:SQL_EDITOR_EXECUTE_QUERY
3442154:SQL_EDITOR_EXECUTE_QUERY
3450271:SQL_EDITOR_EXECUTE_QUERY
3455440:SQL_EDITOR_EXECUTE_QUERY
3465126:SQL_EDITOR_EXECUTE_QUERY
3468073:SQL_EDITOR_EXECUTE_QUERY
3474542:SQL_EDITOR_EXECUTE_QUERY
3482168:SQL_EDITOR_EXECUTE_QUERY
3644588:SQL_EDITOR_EXECUTE_QUERY
3645275:SQL_EDITOR_EXECUTE_QUERY
3657517:SQL_EDITOR_EXECUTE_QUERY
3660301:SQL_EDITOR_EXECUTE_QUERY
3675426:SQL_EDITOR_EXECUTE_QUERY
3680437:SQL_EDITOR_EXECUTE_QUERY
3691233:SQL_EDITOR_EXECUTE_QUERY
3697193:SQL_EDITOR_EXECUTE_QUERY
3712495:SQL_EDITOR_EXECUTE_QUERY
3776910:SQL_EDITOR_EXECUTE_QUERY
3781387:SQL_EDITOR_EXECUTE_QUERY
3785770:SQL_EDITOR_EXECUTE_QUERY
3797797:SQL_EDITOR_EXECUTE_QUERY
3811969:SQL_EDITOR_EXECUTE_QUERY
3902343:SQL_EDITOR_EXECUTE_QUERY
3920891:SQL_EDITOR_EXECUTE_QUERY
3923878:SQL_EDITOR_EXECUTE_QUERY
3928587:SQL_EDITOR_EXECUTE_QUERY
4046312:SQL_EDITOR_EXECUTE_QUERY
4158544:SQL_EDITOR_EXECUTE_QUERY
4159530:SQL_EDITOR_EXECUTE_QUERY
4164524:SQL_EDITOR_EXECUTE_QUERY
4172522:SQL_EDITOR_EXECUTE_QUERY
4180017:SQL_EDITOR_EXECUTE_QUERY
4264911:SQL_EDITOR_EXECUTE_QUERY
4338556:SQL_EDITOR_EXECUTE_QUERY
4516582:SQL_EDITOR_EXECUTE_QUERY
4527511:SQL_EDITOR_EXECUTE_QUERY
4577719:SQL_EDITOR_EXECUTE_QUERY
4608667:SQL_EDITOR_EXECUTE_QUERY
4615320:SQL_EDITOR_EXECUTE_QUERY
4629199:SQL_EDITOR_EXECUTE_QUERY
4642835:SQL_EDITOR_EXECUTE_QUERY
4654265:SQL_EDITOR_EXECUTE_QUERY
4797788:SQL_EDITOR_EXECUTE_QUERY
4810442:SQL_EDITOR_EXECUTE_QUERY
4815096:SQL_EDITOR_EXECUTE_QUERY
4818771:SQL_EDITOR_EXECUTE_QUERY
4851662:SQL_EDITOR_EXECUTE_QUERY
4852978:SQL_EDITOR_EXECUTE_QUERY
4857771:SQL_EDITOR_EXECUTE_QUERY
4946742:SQL_EDITOR_EXECUTE_QUERY
4954290:SQL_EDITOR_EXECUTE_QUERY
4964069:SQL_EDITOR_EXECUTE_QUERY
4976385:SQL_EDITOR_EXECUTE_QUERY
4997088:SQL_EDITOR_EXECUTE_QUERY
5002490:SQL_EDITOR_EXECUTE_QUERY
5007102:SQL_EDITOR_EXECUTE_QUERY
5020741:SQL_EDITOR_EXECUTE_QUERY
5189879:SQL_EDITOR_EXECUTE_QUERY
5230109:SQL_EDITOR_EXECUTE_QUERY
5268100:SQL_EDITOR_EXECUTE_QUERY
